<?xml version="1.0" encoding="UTF-8"?>
<testsuite xmlns:xsi="http://www.w3.org/2001/XMLSchema-instance" xsi:noNamespaceSchemaLocation="https://maven.apache.org/surefire/maven-surefire-plugin/xsd/surefire-test-report-3.0.xsd" version="3.0" name="com.project.projectFinal.ProjectFinalApplicationTests" time="2.976" tests="1" errors="0" skipped="0" failures="0">
  <properties>
[...]
</properties>
  <testcase name="contextLoads" classname="com.project.projectFinal.ProjectFinalApplicationTests" time="0.732">
    <system-out><![CDATA[19:49:33.305 [main] INFO org.springframework.test.context.support.AnnotationConfigContextLoaderUtils -- Could not detect default configuration classes for test class [com.project.projectFinal.ProjectFinalApplicationTests]: ProjectFinalApplicationTests does not declare any static, non-private, non-final, nested classes annotated with @Configuration.
19:49:33.383 [main] INFO org.springframework.boot.test.context.SpringBootTestContextBootstrapper -- Found @SpringBootConfiguration com.project.projectFinal.ProjectFinalApplication for test class com.project.projectFinal.ProjectFinalApplicationTests
19:49:33.535 [main] INFO org.springframework.boot.devtools.restart.RestartApplicationListener -- Restart disabled due to context in which it is running

  .   ____          _            __ _ _
 /\\ / ___'_ __ _ _(_)_ __  __ _ \ \ \ \
( ( )\___ | '_ | '_| | '_ \/ _` | \ \ \ \
 \\/  ___)| |_)| | | | | || (_| |  ) ) ) )
  '  |____| .__|_| |_|_| |_\__, | / / / /
 =========|_|==============|___/=/_/_/_/
 :: Spring Boot ::                (v3.2.1)

2024-01-15T19:49:33.732+09:00  INFO 3616 --- [           main] c.p.p.ProjectFinalApplicationTests       : Starting ProjectFinalApplicationTests using Java 17.0.9 with PID 3616 (started by user in C:\Users\user\Desktop\새 폴더\projectFinal)
2024-01-15T19:49:33.734+09:00  INFO 3616 --- [           main] c.p.p.ProjectFinalApplicationTests       : No active profile set, falling back to 1 default profile: "default"
2024-01-15T19:49:35.154+09:00  INFO 3616 --- [           main] o.s.b.a.w.s.WelcomePageHandlerMapping    : Adding welcome page template: index
2024-01-15T19:49:35.413+09:00  INFO 3616 --- [           main] c.p.p.ProjectFinalApplicationTests       : Started ProjectFinalApplicationTests in 1.89 seconds (process running for 2.806)
]]></system-out>
  </testcase>
</testsuite>